<?xml version="1.0" encoding="UTF-8"?>
<testsuites name="Mocha Tests" time="0.004" tests="3" failures="0">
  <testsuite name="Root Suite" timestamp="2020-03-26T17:03:12" tests="0" failures="0" time="0">
  </testsuite>
  <testsuite name="fibonacci" timestamp="2020-03-26T17:03:12" tests="1" file="C:\Users\heden\codenation\nodejs-0\test\submit.test.js" failures="0" time="0.004">
    <testcase name="fibonacci should get fibonacci sequence until it passes 350" time="0.004" classname="should get fibonacci sequence until it passes 350">
    </testcase>
  </testsuite>
  <testsuite name="isFibonacci" timestamp="2020-03-26T17:03:12" tests="2" file="C:\Users\heden\codenation\nodejs-0\test\submit.test.js" failures="0" time="0">
    <testcase name="isFibonacci should return true when the number is a fibonacci" time="0" classname="should return true when the number is a fibonacci">
    </testcase>
    <testcase name="isFibonacci should return false when the number isn&apos;t a fibonacci" time="0" classname="should return false when the number isn&apos;t a fibonacci">
    </testcase>
  </testsuite>
</testsuites>